* installing *source* package ‘cliqueMS’ ...
** using staged installation
** libs
using C++ compiler: ‘Apple clang version 15.0.0 (clang-1500.3.9.4)’
using C++11
using SDK: ‘MacOSX14.4.sdk’
clang++ -arch arm64 -std=gnu++11 -I"/Library/Frameworks/R.framework/Resources/include" -DNDEBUG  -I'/Users/cysouw/Github/qlcMatrix/revdep/library.noindex/cliqueMS/Rcpp/include' -I'/Users/cysouw/Github/qlcMatrix/revdep/library.noindex/cliqueMS/BH/include' -I'/Users/cysouw/Github/qlcMatrix/revdep/library.noindex/cliqueMS/RcppArmadillo/include' -I/opt/R/arm64/include     -fPIC  -falign-functions=64 -Wall -g -O2  -c RcppExports.cpp -o RcppExports.o
clang++ -arch arm64 -std=gnu++11 -I"/Library/Frameworks/R.framework/Resources/include" -DNDEBUG  -I'/Users/cysouw/Github/qlcMatrix/revdep/library.noindex/cliqueMS/Rcpp/include' -I'/Users/cysouw/Github/qlcMatrix/revdep/library.noindex/cliqueMS/BH/include' -I'/Users/cysouw/Github/qlcMatrix/revdep/library.noindex/cliqueMS/RcppArmadillo/include' -I/opt/R/arm64/include     -fPIC  -falign-functions=64 -Wall -g -O2  -c findAnnotationR.cpp -o findAnnotationR.o
In file included from findAnnotationR.cpp:1:
./annotationCliqueMSR.h:739:5: warning: variable 'completeroundscore' is uninitialized when used here [-Wuninitialized]
    completeroundscore += *ritv;
    ^~~~~~~~~~~~~~~~~~
./annotationCliqueMSR.h:733:28: note: initialize the variable 'completeroundscore' to silence this warning
  double completeroundscore,remainderroundscore = 0;
                           ^
                            = 0.0
1 warning generated.
clang++ -arch arm64 -std=gnu++11 -I"/Library/Frameworks/R.framework/Resources/include" -DNDEBUG  -I'/Users/cysouw/Github/qlcMatrix/revdep/library.noindex/cliqueMS/Rcpp/include' -I'/Users/cysouw/Github/qlcMatrix/revdep/library.noindex/cliqueMS/BH/include' -I'/Users/cysouw/Github/qlcMatrix/revdep/library.noindex/cliqueMS/RcppArmadillo/include' -I/opt/R/arm64/include     -fPIC  -falign-functions=64 -Wall -g -O2  -c findCliquesR.cpp -o findCliquesR.o
clang++ -arch arm64 -std=gnu++11 -I"/Library/Frameworks/R.framework/Resources/include" -DNDEBUG  -I'/Users/cysouw/Github/qlcMatrix/revdep/library.noindex/cliqueMS/Rcpp/include' -I'/Users/cysouw/Github/qlcMatrix/revdep/library.noindex/cliqueMS/BH/include' -I'/Users/cysouw/Github/qlcMatrix/revdep/library.noindex/cliqueMS/RcppArmadillo/include' -I/opt/R/arm64/include     -fPIC  -falign-functions=64 -Wall -g -O2  -c findIsotopesR.cpp -o findIsotopesR.o
clang++ -arch arm64 -std=gnu++11 -dynamiclib -Wl,-headerpad_max_install_names -undefined dynamic_lookup -L/Library/Frameworks/R.framework/Resources/lib -L/opt/R/arm64/lib -o cliqueMS.so RcppExports.o findAnnotationR.o findCliquesR.o findIsotopesR.o -L/Library/Frameworks/R.framework/Resources/lib -lRlapack -L/Library/Frameworks/R.framework/Resources/lib -lRblas -L/opt/gfortran/lib/gcc/aarch64-apple-darwin20.0/12.2.0 -L/opt/gfortran/lib -lgfortran -lemutls_w -lquadmath -F/Library/Frameworks/R.framework/.. -framework R -Wl,-framework -Wl,CoreFoundation
ld: warning: search path '/opt/gfortran/lib/gcc/aarch64-apple-darwin20.0/12.2.0' not found
ld: warning: search path '/opt/gfortran/lib' not found
ld: library 'gfortran' not found
clang: error: linker command failed with exit code 1 (use -v to see invocation)
make: *** [cliqueMS.so] Error 1
ERROR: compilation failed for package ‘cliqueMS’
* removing ‘/Users/cysouw/Github/qlcMatrix/revdep/checks.noindex/cliqueMS/old/cliqueMS.Rcheck/cliqueMS’
